<?xml version="1.0" encoding="UTF-8"?>
<robot generator="Robot 4.1.3 (Python 3.9.9 on linux)" generated="20220314 14:47:28.828" rpa="false" schemaversion="2">
<suite id="s1" name="Demo1 Orangehrm Suite" source="/home/Indranee123/home/Indranee123/Documents/Robotframework/Robot_project/selenium_suite/demo1_orangehrm_suite.robot">
<test id="s1-t1" name="TC1">
<kw name="Append To Environment Variable" library="OperatingSystem">
<arg>Path</arg>
<arg>${EXECDIR}${/}driver${/}chromedriver</arg>
<doc>Appends given ``values`` to environment variable ``name``.</doc>
<msg timestamp="20220314 14:47:28.967" level="INFO">Environment variable 'Path' set to value '/home/Indranee123/home/Indranee123/Documents/Robotframework/Robot_project/driver/chromedriver'.</msg>
<status status="PASS" starttime="20220314 14:47:28.966" endtime="20220314 14:47:28.967"/>
</kw>
<kw name="Log To Console" library="BuiltIn">
<arg>${EXECDIR}</arg>
<doc>Logs the given message to the console.</doc>
<status status="PASS" starttime="20220314 14:47:28.967" endtime="20220314 14:47:28.968"/>
</kw>
<kw name="Open Browser" library="SeleniumLibrary">
<arg>url=https://opensource-demo.orangehrmlive.com/</arg>
<arg>browser=chrome</arg>
<doc>Opens a new browser instance to the optional ``url``.</doc>
<msg timestamp="20220314 14:47:28.968" level="INFO">Opening browser 'chrome' to base url 'https://opensource-demo.orangehrmlive.com/'.</msg>
<msg timestamp="20220314 14:47:28.971" level="INFO">Cannot capture screenshot because no browser is open.</msg>
<msg timestamp="20220314 14:47:28.974" level="FAIL">WebDriverException: Message: 'chromedriver' executable needs to be in PATH. Please see https://chromedriver.chromium.org/home
</msg>
<status status="FAIL" starttime="20220314 14:47:28.968" endtime="20220314 14:47:28.974"/>
</kw>
<status status="FAIL" starttime="20220314 14:47:28.966" endtime="20220314 14:47:28.974">WebDriverException: Message: 'chromedriver' executable needs to be in PATH. Please see https://chromedriver.chromium.org/home
</status>
</test>
<status status="FAIL" starttime="20220314 14:47:28.829" endtime="20220314 14:47:28.975"/>
</suite>
<statistics>
<total>
<stat pass="0" fail="1" skip="0">All Tests</stat>
</total>
<tag>
</tag>
<suite>
<stat pass="0" fail="1" skip="0" id="s1" name="Demo1 Orangehrm Suite">Demo1 Orangehrm Suite</stat>
</suite>
</statistics>
<errors>
</errors>
</robot>
